npm verb cli /usr/local/bin/node /usr/local/bin/npm
npm info using npm@10.1.0
npm info using node@v20.7.0
npm verb title npm install
npm verb argv "install" "--legacy-peer-deps" "--loglevel" "verbose"
npm verb logfile logs-max:10 dir:/Users/baha/.npm/_logs/2023-12-13T02_18_33_655Z-
npm verb logfile /Users/baha/.npm/_logs/2023-12-13T02_18_33_655Z-debug-0.log
npm http fetch GET 200 https://registry.npmjs.org/browserstack-cypress-cli 769ms (cache revalidated)
npm http fetch GET 200 https://registry.npmjs.org/cypress 93ms (cache revalidated)
npm http fetch GET 200 https://registry.npmjs.org/async 280ms (cache revalidated)
npm http fetch GET 200 https://registry.npmjs.org/git-last-commit 778ms (cache revalidated)
npm http fetch GET 200 https://registry.npmjs.org/archiver 784ms (cache revalidated)
npm http fetch GET 200 https://registry.npmjs.org/getmac 782ms (cache revalidated)
npm http fetch GET 200 https://registry.npmjs.org/requestretry 778ms (cache revalidated)
npm http fetch GET 200 https://registry.npmjs.org/mocha 782ms (cache revalidated)
npm http fetch GET 200 https://registry.npmjs.org/winston 783ms (cache revalidated)
npm http fetch GET 200 https://registry.npmjs.org/glob 833ms (cache revalidated)
npm http fetch GET 200 https://registry.npmjs.org/uuid 832ms (cache revalidated)
npm http fetch GET 200 https://registry.npmjs.org/git-repo-info 839ms (cache revalidated)
npm http fetch GET 200 https://registry.npmjs.org/request 836ms (cache revalidated)
npm http fetch GET 200 https://registry.npmjs.org/chalk 845ms (cache revalidated)
npm http fetch GET 200 https://registry.npmjs.org/node-ipc 840ms (cache revalidated)
npm http fetch GET 200 https://registry.npmjs.org/fs-extra 846ms (cache revalidated)
npm http fetch GET 200 https://registry.npmjs.org/cachedir 825ms (cache revalidated)
npm http fetch GET 200 https://registry.npmjs.org/bluebird 828ms (cache revalidated)
npm http fetch GET 200 https://registry.npmjs.org/update-notifier 846ms (cache revalidated)
npm http fetch GET 200 https://registry.npmjs.org/table 848ms (cache revalidated)
npm http fetch GET 200 https://registry.npmjs.org/@cypress%2frequest 919ms (cache revalidated)
npm http fetch GET 200 https://registry.npmjs.org/arch 914ms (cache revalidated)
npm http fetch GET 200 https://registry.npmjs.org/cli-table3 908ms (cache revalidated)
npm http fetch GET 200 https://registry.npmjs.org/execa 904ms (cache revalidated)
npm http fetch GET 200 https://registry.npmjs.org/dayjs 908ms (cache revalidated)
npm http fetch GET 200 https://registry.npmjs.org/yargs 928ms (cache revalidated)
npm http fetch GET 200 https://registry.npmjs.org/executable 911ms (cache revalidated)
npm http fetch GET 200 https://registry.npmjs.org/chalk 920ms (cache revalidated)
npm http fetch GET 200 https://registry.npmjs.org/buffer 922ms (cache revalidated)
npm http fetch GET 200 https://registry.npmjs.org/lodash 907ms (cache revalidated)
npm http fetch GET 200 https://registry.npmjs.org/is-installed-globally 910ms (cache revalidated)
npm http fetch GET 200 https://registry.npmjs.org/eventemitter2 917ms (cache revalidated)
npm http fetch GET 200 https://registry.npmjs.org/process 902ms (cache revalidated)
npm http fetch GET 200 https://registry.npmjs.org/figures 914ms (cache revalidated)
npm http fetch GET 200 https://registry.npmjs.org/common-tags 922ms (cache revalidated)
npm http fetch GET 200 https://registry.npmjs.org/is-ci 913ms (cache revalidated)
npm http fetch GET 200 https://registry.npmjs.org/fs-extra 916ms (cache revalidated)
npm http fetch GET 200 https://registry.npmjs.org/minimist 912ms (cache revalidated)
npm http fetch GET 200 https://registry.npmjs.org/@types%2fsinonjs__fake-timers 935ms (cache revalidated)
npm http fetch GET 200 https://registry.npmjs.org/log-symbols 913ms (cache revalidated)
npm http fetch GET 200 https://registry.npmjs.org/extract-zip 920ms (cache revalidated)
npm http fetch GET 200 https://registry.npmjs.org/lazy-ass 916ms (cache revalidated)
npm http fetch GET 200 https://registry.npmjs.org/cli-cursor 930ms (cache revalidated)
npm http fetch GET 200 https://registry.npmjs.org/debug 928ms (cache revalidated)
npm http fetch GET 200 https://registry.npmjs.org/@types%2fsizzle 938ms (cache revalidated)
npm http fetch GET 200 https://registry.npmjs.org/ospath 916ms (cache revalidated)
npm http fetch GET 200 https://registry.npmjs.org/yauzl 908ms (cache revalidated)
npm http fetch GET 200 https://registry.npmjs.org/supports-color 911ms (cache revalidated)
npm http fetch GET 200 https://registry.npmjs.org/@cypress%2fxvfb 944ms (cache revalidated)
npm http fetch GET 200 https://registry.npmjs.org/mkdirp 954ms (cache revalidated)
npm http fetch GET 200 https://registry.npmjs.org/semver 913ms (cache revalidated)
npm http fetch GET 200 https://registry.npmjs.org/listr2 925ms (cache revalidated)
npm http fetch GET 200 https://registry.npmjs.org/windows-release 964ms (cache revalidated)
npm http fetch GET 200 https://registry.npmjs.org/@types%2fnode 961ms (cache revalidated)
npm http fetch GET 200 https://registry.npmjs.org/pretty-bytes 953ms (cache revalidated)
npm http fetch GET 200 https://registry.npmjs.org/request-progress 949ms (cache revalidated)
npm http fetch GET 200 https://registry.npmjs.org/untildify 947ms (cache revalidated)
npm http fetch GET 200 https://registry.npmjs.org/cli-progress 997ms (cache revalidated)
npm http fetch GET 200 https://registry.npmjs.org/tmp 950ms (cache revalidated)
npm http fetch GET 200 https://registry.npmjs.org/proxy-from-env 954ms (cache revalidated)
npm http fetch GET 200 https://registry.npmjs.org/enquirer 972ms (cache revalidated)
npm http fetch GET 200 https://registry.npmjs.org/gitconfiglocal 1000ms (cache revalidated)
npm http fetch GET 200 https://registry.npmjs.org/decompress 1040ms (cache revalidated)
npm http fetch GET 200 https://registry.npmjs.org/check-more-types 1067ms (cache revalidated)
npm http fetch GET 200 https://registry.npmjs.org/blob-util 1073ms (cache revalidated)
npm http fetch GET 200 https://registry.npmjs.org/commander 1083ms (cache revalidated)
npm http fetch GET 200 https://registry.npmjs.org/getos 1094ms (cache revalidated)
npm http fetch GET 200 https://registry.npmjs.org/browserstack-local 1161ms (cache revalidated)
npm http fetch GET 200 https://registry.npmjs.org/ps-tree 445ms (cache revalidated)
npm http fetch GET 200 https://registry.npmjs.org/readable-stream 452ms (cache revalidated)
npm http fetch GET 200 https://registry.npmjs.org/agent-base 447ms (cache revalidated)
npm http fetch GET 200 https://registry.npmjs.org/string-width 444ms (cache revalidated)
npm http fetch GET 200 https://registry.npmjs.org/https-proxy-agent 452ms (cache revalidated)
npm http fetch GET 200 https://registry.npmjs.org/tar-stream 456ms (cache revalidated)
npm http fetch GET 200 https://registry.npmjs.org/archiver-utils 461ms (cache revalidated)
npm http fetch GET 200 https://registry.npmjs.org/decompress-tarbz2 448ms (cache revalidated)
npm http fetch GET 200 https://registry.npmjs.org/is-running 567ms (cache revalidated)
npm http fetch GET 200 https://registry.npmjs.org/decompress-tar 928ms (cache revalidated)
npm http fetch GET 200 https://registry.npmjs.org/caseless 947ms (cache revalidated)
npm http fetch GET 200 https://registry.npmjs.org/ini 974ms (cache revalidated)
npm http fetch GET 200 https://registry.npmjs.org/diff 965ms (cache revalidated)
npm http fetch GET 200 https://registry.npmjs.org/pify 985ms (cache revalidated)
npm http fetch GET 200 https://registry.npmjs.org/ansi-colors 968ms (cache revalidated)
npm http fetch GET 200 https://registry.npmjs.org/decompress-targz 989ms (cache revalidated)
npm http fetch GET 200 https://registry.npmjs.org/js-yaml 965ms (cache revalidated)
npm http fetch GET 200 https://registry.npmjs.org/aws4 956ms (cache revalidated)
npm http fetch GET 200 https://registry.npmjs.org/graceful-fs 990ms (cache revalidated)
npm http fetch GET 200 https://registry.npmjs.org/buffer-crc32 1006ms (cache revalidated)
npm http fetch GET 200 https://registry.npmjs.org/inherits 979ms (cache revalidated)
npm http fetch GET 200 https://registry.npmjs.org/jsonfile 987ms (cache revalidated)
npm http fetch GET 200 https://registry.npmjs.org/graceful-fs 988ms (cache revalidated)
npm http fetch GET 200 https://registry.npmjs.org/he 971ms (cache revalidated)
npm http fetch GET 200 https://registry.npmjs.org/once 979ms (cache revalidated)
npm http fetch GET 200 https://registry.npmjs.org/ansi-styles 999ms (cache revalidated)
npm http fetch GET 200 https://registry.npmjs.org/universalify 990ms (cache revalidated)
npm http fetch GET 200 https://registry.npmjs.org/chokidar 976ms (cache revalidated)
npm http fetch GET 200 https://registry.npmjs.org/ms 973ms (cache revalidated)
npm http fetch GET 200 https://registry.npmjs.org/js-message 968ms (cache revalidated)
npm http fetch GET 200 https://registry.npmjs.org/strip-dirs 1125ms (cache revalidated)
npm http fetch GET 200 https://registry.npmjs.org/path-is-absolute 1144ms (cache revalidated)
npm http fetch GET 200 https://registry.npmjs.org/event-pubsub 1131ms (cache revalidated)
npm http fetch GET 200 https://registry.npmjs.org/zip-stream 1173ms (cache revalidated)
npm http fetch GET 200 https://registry.npmjs.org/nanoid 1137ms (cache revalidated)
npm http fetch GET 200 https://registry.npmjs.org/minimatch 1140ms (cache revalidated)
npm http fetch GET 200 https://registry.npmjs.org/fs.realpath 1213ms (cache revalidated)
npm http fetch GET 200 https://registry.npmjs.org/yargs-parser 1199ms (cache revalidated)
npm http fetch GET 200 https://registry.npmjs.org/browser-stdout 1208ms (cache revalidated)
npm http fetch GET 200 https://registry.npmjs.org/strip-json-comments 1207ms (cache revalidated)
npm http fetch GET 200 https://registry.npmjs.org/escape-string-regexp 1213ms (cache revalidated)
npm http fetch GET 200 https://registry.npmjs.org/oauth-sign 1191ms (cache revalidated)
npm http fetch GET 200 https://registry.npmjs.org/readdir-glob 1249ms (cache revalidated)
npm http fetch GET 200 https://registry.npmjs.org/eyes 1170ms (cache revalidated)
npm http fetch GET 200 https://registry.npmjs.org/serialize-javascript 1211ms (cache revalidated)
npm http fetch GET 200 https://registry.npmjs.org/require-directory 1166ms (cache revalidated)
npm http fetch GET 200 https://registry.npmjs.org/combined-stream 1199ms (cache revalidated)
npm http fetch GET 200 https://registry.npmjs.org/aws-sign2 1205ms (cache revalidated)
npm http fetch GET 200 https://registry.npmjs.org/isstream 1172ms (cache revalidated)
npm http fetch GET 200 https://registry.npmjs.org/safe-buffer 1193ms (cache revalidated)
npm http fetch GET 200 https://registry.npmjs.org/extend 1200ms (cache revalidated)
npm http fetch GET 200 https://registry.npmjs.org/has-yarn 1186ms (cache revalidated)
npm http fetch GET 200 https://registry.npmjs.org/require-main-filename 1169ms (cache revalidated)
npm http fetch GET 200 https://registry.npmjs.org/xdg-basedir 1182ms (cache revalidated)
npm http fetch GET 200 https://registry.npmjs.org/semver-diff 1183ms (cache revalidated)
npm http fetch GET 200 https://registry.npmjs.org/make-dir 1240ms (cache revalidated)
npm http fetch GET 200 https://registry.npmjs.org/yargs-parser 1168ms (cache revalidated)
npm http fetch GET 200 https://registry.npmjs.org/performance-now 1199ms (cache revalidated)
npm http fetch GET 200 https://registry.npmjs.org/js-queue 1212ms (cache revalidated)
npm http fetch GET 200 https://registry.npmjs.org/tunnel-agent 1197ms (cache revalidated)
npm http fetch GET 200 https://registry.npmjs.org/configstore 1191ms (cache revalidated)
npm http fetch GET 200 https://registry.npmjs.org/qs 1200ms (cache revalidated)
npm http fetch GET 200 https://registry.npmjs.org/minimatch 1231ms (cache revalidated)
npm http fetch GET 200 https://registry.npmjs.org/yargs-unparser 1220ms (cache revalidated)
npm http fetch GET 200 https://registry.npmjs.org/workerpool 1222ms (cache revalidated)
npm http fetch GET 200 https://registry.npmjs.org/inflight 1238ms (cache revalidated)
npm http fetch GET 200 https://registry.npmjs.org/find-up 1228ms (cache revalidated)
npm http fetch GET 200 https://registry.npmjs.org/mime-types 1208ms (cache revalidated)
npm http fetch GET 200 https://registry.npmjs.org/colors 1190ms (cache revalidated)
npm http fetch GET 200 https://registry.npmjs.org/isstream 1210ms (cache revalidated)
npm http fetch GET 200 https://registry.npmjs.org/y18n 1181ms (cache revalidated)
npm http fetch GET 200 https://registry.npmjs.org/latest-version 1197ms (cache revalidated)
npm http fetch GET 200 https://registry.npmjs.org/find-up 1185ms (cache revalidated)
npm http fetch GET 200 https://registry.npmjs.org/slice-ansi 1205ms (cache revalidated)
npm http fetch GET 200 https://registry.npmjs.org/is-npm 1200ms (cache revalidated)
npm http fetch GET 200 https://registry.npmjs.org/stack-trace 1189ms (cache revalidated)
npm http fetch GET 200 https://registry.npmjs.org/cycle 1194ms (cache revalidated)
npm http fetch GET 200 https://registry.npmjs.org/get-caller-file 1187ms (cache revalidated)
npm http fetch GET 200 https://registry.npmjs.org/import-lazy 1203ms (cache revalidated)
npm http fetch GET 200 https://registry.npmjs.org/pupa 1200ms (cache revalidated)
npm http fetch GET 200 https://registry.npmjs.org/http-signature 1218ms (cache revalidated)
npm http fetch GET 200 https://registry.npmjs.org/extend 1210ms (cache revalidated)
npm http fetch GET 200 https://registry.npmjs.org/which-module 1187ms (cache revalidated)
npm http fetch GET 200 https://registry.npmjs.org/form-data 1220ms (cache revalidated)
npm http fetch GET 200 https://registry.npmjs.org/forever-agent 1221ms (cache revalidated)
npm http fetch GET 200 https://registry.npmjs.org/json-stringify-safe 1218ms (cache revalidated)
npm http fetch GET 200 https://registry.npmjs.org/string-width 1210ms (cache revalidated)
npm http fetch GET 200 https://registry.npmjs.org/boxen 1209ms (cache revalidated)
npm http fetch GET 200 https://registry.npmjs.org/temp-fs 1270ms (cache revalidated)
npm http fetch GET 200 https://registry.npmjs.org/set-blocking 1192ms (cache revalidated)
npm http fetch GET 200 https://registry.npmjs.org/har-validator 1223ms (cache revalidated)
npm http fetch GET 200 https://registry.npmjs.org/tough-cookie 1218ms (cache revalidated)
npm http fetch GET 200 https://registry.npmjs.org/ajv 1216ms (cache revalidated)
npm http fetch GET 200 https://registry.npmjs.org/decamelize 1203ms (cache revalidated)
npm http fetch GET 200 https://registry.npmjs.org/is-typedarray 1233ms (cache revalidated)
npm http fetch GET 200 https://registry.npmjs.org/cliui 1208ms (cache revalidated)
npm http fetch GET 200 https://registry.npmjs.org/decompress-unzip 1379ms (cache revalidated)
npm http fetch GET 200 https://registry.npmjs.org/is-yarn-global 1324ms (cache revalidated)
npm http fetch GET 200 https://registry.npmjs.org/lazystream 104ms (cache revalidated)
npm http fetch GET 200 https://registry.npmjs.org/lodash.isplainobject 120ms (cache revalidated)
npm http fetch GET 200 https://registry.npmjs.org/string_decoder 117ms (cache revalidated)
npm http fetch GET 200 https://registry.npmjs.org/fs-constants 112ms (cache revalidated)
npm http fetch GET 200 https://registry.npmjs.org/lodash.defaults 124ms (cache revalidated)
npm http fetch GET 200 https://registry.npmjs.org/normalize-path 121ms (cache revalidated)
npm http fetch GET 200 https://registry.npmjs.org/lodash.flatten 143ms (cache revalidated)
npm http fetch GET 200 https://registry.npmjs.org/end-of-stream 134ms (cache revalidated)
npm http fetch GET 200 https://registry.npmjs.org/lodash.union 143ms (cache revalidated)
npm http fetch GET 200 https://registry.npmjs.org/lodash.difference 386ms (cache revalidated)
npm http fetch GET 200 https://registry.npmjs.org/util-deprecate 424ms (cache revalidated)
npm http fetch GET 200 https://registry.npmjs.org/bl 422ms (cache revalidated)
npm http fetch GET 200 https://registry.npmjs.org/compress-commons 420ms (cache revalidated)
npm http fetch GET 200 https://registry.npmjs.org/process-nextick-args 127ms (cache revalidated)
npm http fetch GET 200 https://registry.npmjs.org/core-util-is 128ms (cache revalidated)
npm http fetch GET 200 https://registry.npmjs.org/isarray 168ms (cache revalidated)
npm http fetch GET 200 https://registry.npmjs.org/event-stream 72ms (cache revalidated)
npm http fetch GET 200 https://registry.npmjs.org/rimraf 71ms (cache revalidated)
npm http fetch GET 200 https://registry.npmjs.org/has-flag 498ms (cache revalidated)
npm http fetch GET 200 https://registry.npmjs.org/color-convert 501ms (cache revalidated)
npm http fetch GET 200 https://registry.npmjs.org/color-name 101ms (cache revalidated)
npm http fetch GET 200 https://registry.npmjs.org/emoji-regex 106ms (cache revalidated)
npm http fetch GET 200 https://registry.npmjs.org/strip-ansi 106ms (cache revalidated)
npm http fetch GET 200 https://registry.npmjs.org/is-fullwidth-code-point 148ms (cache revalidated)
npm http fetch GET 200 https://registry.npmjs.org/restore-cursor 294ms (cache revalidated)
npm http fetch GET 200 https://registry.npmjs.org/lodash.once 305ms (cache revalidated)
npm http fetch GET 200 https://registry.npmjs.org/strip-final-newline 281ms (cache revalidated)
npm http fetch GET 200 https://registry.npmjs.org/merge-stream 283ms (cache revalidated)
npm http fetch GET 200 https://registry.npmjs.org/get-stream 280ms (cache revalidated)
npm http fetch GET 200 https://registry.npmjs.org/undici-types 305ms (cache revalidated)
npm http fetch GET 200 https://registry.npmjs.org/onetime 284ms (cache revalidated)
npm http fetch GET 200 https://registry.npmjs.org/is-stream 286ms (cache revalidated)
npm http fetch GET 200 https://registry.npmjs.org/is-path-inside 273ms (cache revalidated)
npm http fetch GET 200 https://registry.npmjs.org/@colors%2fcolors 297ms (cache revalidated)
npm http fetch GET 200 https://registry.npmjs.org/npm-run-path 287ms (cache revalidated)
npm http fetch GET 200 https://registry.npmjs.org/ieee754 302ms (cache revalidated)
npm http fetch GET 200 https://registry.npmjs.org/get-stream 290ms (cache revalidated)
npm http fetch GET 200 https://registry.npmjs.org/at-least-node 977ms (cache revalidated)
npm http fetch GET 200 https://registry.npmjs.org/cli-truncate 971ms (cache revalidated)
npm http fetch GET 200 https://registry.npmjs.org/global-dirs 975ms (cache revalidated)
npm http fetch GET 200 https://registry.npmjs.org/log-update 970ms (cache revalidated)
npm http fetch GET 200 https://registry.npmjs.org/@types%2fyauzl 983ms (cache revalidated)
npm http fetch GET 200 https://registry.npmjs.org/signal-exit 988ms (cache revalidated)
npm http fetch GET 200 https://registry.npmjs.org/is-unicode-supported 968ms (cache revalidated)
npm http fetch GET 200 https://registry.npmjs.org/lru-cache 962ms (cache revalidated)
npm http fetch GET 200 https://registry.npmjs.org/rfdc 976ms (cache revalidated)
npm http fetch GET 200 https://registry.npmjs.org/through 982ms (cache revalidated)
npm http fetch GET 200 https://registry.npmjs.org/cross-spawn 1005ms (cache revalidated)
npm http fetch GET 200 https://registry.npmjs.org/wrap-ansi 1047ms (cache revalidated)
npm http fetch GET 200 https://registry.npmjs.org/throttleit 1041ms (cache revalidated)
npm http fetch GET 200 https://registry.npmjs.org/colorette 1052ms (cache revalidated)
npm http fetch GET 200 https://registry.npmjs.org/base64-js 1085ms (cache revalidated)
npm http fetch GET 200 https://registry.npmjs.org/fd-slicer 1036ms (cache revalidated)
npm http fetch GET 200 https://registry.npmjs.org/human-signals 1071ms (cache revalidated)
npm http fetch GET 200 https://registry.npmjs.org/ci-info 1059ms (cache revalidated)
npm http fetch GET 200 https://registry.npmjs.org/p-map 1054ms (cache revalidated)
npm http fetch GET 200 https://registry.npmjs.org/rxjs 1408ms (cache revalidated)
npm http fetch GET 200 https://registry.npmjs.org/side-channel 102ms (cache revalidated)
npm http fetch GET 200 https://registry.npmjs.org/delayed-stream 116ms (cache revalidated)
npm http fetch GET 200 https://registry.npmjs.org/mime-db 105ms (cache revalidated)
npm http fetch GET 200 https://registry.npmjs.org/punycode 100ms (cache revalidated)
npm http fetch GET 200 https://registry.npmjs.org/sshpk 111ms (cache revalidated)
npm http fetch GET 200 https://registry.npmjs.org/psl 103ms (cache revalidated)
npm http fetch GET 200 https://registry.npmjs.org/url-parse 103ms (cache revalidated)
npm http fetch GET 200 https://registry.npmjs.org/asynckit 118ms (cache revalidated)
npm http fetch GET 200 https://registry.npmjs.org/jsprim 115ms (cache revalidated)
npm http fetch GET 200 https://registry.npmjs.org/assert-plus 117ms (cache revalidated)
npm http fetch GET 200 https://registry.npmjs.org/file-type 76ms (cache revalidated)
npm http fetch GET 200 https://registry.npmjs.org/file-type 100ms (cache revalidated)
npm http fetch GET 200 https://registry.npmjs.org/unbzip2-stream 131ms (cache revalidated)
npm http fetch GET 200 https://registry.npmjs.org/is-natural-number 121ms (cache revalidated)
npm http fetch GET 200 https://registry.npmjs.org/file-type 136ms (cache revalidated)
npm http fetch GET 200 https://registry.npmjs.org/seek-bzip 160ms (cache revalidated)
npm http fetch GET 200 https://registry.npmjs.org/buffer-alloc 89ms (cache revalidated)
npm http fetch GET 200 https://registry.npmjs.org/xtend 88ms (cache revalidated)
npm http fetch GET 200 https://registry.npmjs.org/to-buffer 136ms (cache revalidated)
npm http fetch GET 200 https://registry.npmjs.org/pinkie-promise 63ms (cache revalidated)
npm http fetch GET 200 https://registry.npmjs.org/object-assign 91ms (cache revalidated)
npm http fetch GET 200 https://registry.npmjs.org/ansi-regex 99ms (cache revalidated)
npm http fetch GET 200 https://registry.npmjs.org/path-key 72ms (cache revalidated)
npm http fetch GET 200 https://registry.npmjs.org/shebang-command 74ms (cache revalidated)
npm http fetch GET 200 https://registry.npmjs.org/path-key 71ms (cache revalidated)
npm http fetch GET 200 https://registry.npmjs.org/which 98ms (cache revalidated)
npm http fetch GET 200 https://registry.npmjs.org/pump 97ms (cache revalidated)
npm http fetch GET 200 https://registry.npmjs.org/mimic-fn 92ms (cache revalidated)
npm http fetch GET 200 https://registry.npmjs.org/isexe 99ms (cache revalidated)
npm http fetch GET 200 https://registry.npmjs.org/shebang-regex 135ms (cache revalidated)
npm http fetch GET 200 https://registry.npmjs.org/pinkie 60ms (cache revalidated)
npm http fetch GET 200 https://registry.npmjs.org/wrappy 98ms (cache revalidated)
npm http fetch GET 200 https://registry.npmjs.org/brace-expansion 195ms (cache revalidated)
npm http fetch GET 200 https://registry.npmjs.org/safer-buffer 52ms (cache revalidated)
npm http fetch GET 200 https://registry.npmjs.org/verror 125ms (cache revalidated)
npm http fetch GET 200 https://registry.npmjs.org/json-schema 139ms (cache revalidated)
npm http fetch GET 200 https://registry.npmjs.org/asn1 138ms (cache revalidated)
npm http fetch GET 200 https://registry.npmjs.org/tweetnacl 136ms (cache revalidated)
npm http fetch GET 200 https://registry.npmjs.org/extsprintf 142ms (cache revalidated)
npm http fetch GET 200 https://registry.npmjs.org/ecc-jsbn 136ms (cache revalidated)
npm http fetch GET 200 https://registry.npmjs.org/getpass 144ms (cache revalidated)
npm http fetch GET 200 https://registry.npmjs.org/jsbn 143ms (cache revalidated)
npm http fetch GET 200 https://registry.npmjs.org/dashdash 146ms (cache revalidated)
npm http fetch GET 200 https://registry.npmjs.org/bcrypt-pbkdf 142ms (cache revalidated)
npm http fetch GET 200 https://registry.npmjs.org/aggregate-error 94ms (cache revalidated)
npm http fetch GET 200 https://registry.npmjs.org/ansi-escapes 96ms (cache revalidated)
npm http fetch GET 200 https://registry.npmjs.org/tslib 93ms (cache revalidated)
npm http fetch GET 200 https://registry.npmjs.org/astral-regex 64ms (cache revalidated)
npm http fetch GET 200 https://registry.npmjs.org/type-fest 63ms (cache revalidated)
npm http fetch GET 200 https://registry.npmjs.org/balanced-match 81ms (cache revalidated)
npm http fetch GET 200 https://registry.npmjs.org/concat-map 80ms (cache revalidated)
npm http fetch GET 200 https://registry.npmjs.org/camelcase 84ms (cache revalidated)
npm http fetch GET 200 https://registry.npmjs.org/randombytes 108ms (cache revalidated)
npm http fetch GET 200 https://registry.npmjs.org/anymatch 130ms (cache revalidated)
npm http fetch GET 200 https://registry.npmjs.org/path-exists 119ms (cache revalidated)
npm http fetch GET 200 https://registry.npmjs.org/escalade 105ms (cache revalidated)
npm http fetch GET 200 https://registry.npmjs.org/argparse 116ms (cache revalidated)
npm http fetch GET 200 https://registry.npmjs.org/glob-parent 131ms (cache revalidated)
npm http fetch GET 200 https://registry.npmjs.org/braces 132ms (cache revalidated)
npm http fetch GET 200 https://registry.npmjs.org/locate-path 126ms (cache revalidated)
npm http fetch GET 200 https://registry.npmjs.org/fsevents 131ms (cache revalidated)
npm http fetch GET 200 https://registry.npmjs.org/is-glob 134ms (cache revalidated)
npm http fetch GET 200 https://registry.npmjs.org/is-binary-path 136ms (cache revalidated)
npm http fetch GET 200 https://registry.npmjs.org/flat 108ms (cache revalidated)
npm http fetch GET 200 https://registry.npmjs.org/readdirp 137ms (cache revalidated)
npm http fetch GET 200 https://registry.npmjs.org/is-plain-obj 302ms (cache revalidated)
npm http fetch GET 200 https://registry.npmjs.org/binary-extensions 92ms (cache revalidated)
npm http fetch GET 200 https://registry.npmjs.org/picomatch 110ms (cache revalidated)
npm http fetch GET 200 https://registry.npmjs.org/is-extglob 113ms (cache revalidated)
npm http fetch GET 200 https://registry.npmjs.org/picomatch 122ms (cache revalidated)
npm http fetch GET 200 https://registry.npmjs.org/fill-range 121ms (cache revalidated)
npm http fetch GET 200 https://registry.npmjs.org/to-regex-range 93ms (cache revalidated)
npm http fetch GET 200 https://registry.npmjs.org/is-number 75ms (cache revalidated)
npm http fetch GET 200 https://registry.npmjs.org/p-locate 103ms (cache revalidated)
npm http fetch GET 200 https://registry.npmjs.org/p-limit 83ms (cache revalidated)
npm http fetch GET 200 https://registry.npmjs.org/easy-stack 63ms (cache revalidated)
npm http fetch GET 200 https://registry.npmjs.org/yocto-queue 103ms (cache revalidated)
npm http fetch GET 200 https://registry.npmjs.org/clean-stack 105ms (cache revalidated)
npm http fetch GET 200 https://registry.npmjs.org/indent-string 106ms (cache revalidated)
npm http fetch GET 200 https://registry.npmjs.org/map-stream 66ms (cache revalidated)
npm http fetch GET 200 https://registry.npmjs.org/stream-combiner 88ms (cache revalidated)
npm http fetch GET 200 https://registry.npmjs.org/pause-stream 89ms (cache revalidated)
npm http fetch GET 200 https://registry.npmjs.org/split 90ms (cache revalidated)
npm http fetch GET 200 https://registry.npmjs.org/from 92ms (cache revalidated)
npm http fetch GET 200 https://registry.npmjs.org/duplexer 93ms (cache revalidated)
npm http fetch GET 200 https://registry.npmjs.org/call-bind 94ms (cache revalidated)
npm http fetch GET 200 https://registry.npmjs.org/get-intrinsic 93ms (cache revalidated)
npm http fetch GET 200 https://registry.npmjs.org/object-inspect 96ms (cache revalidated)
npm http fetch GET 200 https://registry.npmjs.org/har-schema 72ms (cache revalidated)
npm http fetch GET 200 https://registry.npmjs.org/fast-deep-equal 57ms (cache revalidated)
npm http fetch GET 200 https://registry.npmjs.org/fast-json-stable-stringify 58ms (cache revalidated)
npm http fetch GET 200 https://registry.npmjs.org/json-schema-traverse 92ms (cache revalidated)
npm http fetch GET 200 https://registry.npmjs.org/uri-js 92ms (cache revalidated)
npm http fetch GET 200 https://registry.npmjs.org/yallist 90ms (cache revalidated)
npm http fetch GET 200 https://registry.npmjs.org/set-function-length 73ms (cache revalidated)
npm http fetch GET 200 https://registry.npmjs.org/has-proto 87ms (cache revalidated)
npm http fetch GET 200 https://registry.npmjs.org/function-bind 91ms (cache revalidated)
npm http fetch GET 200 https://registry.npmjs.org/has-symbols 87ms (cache revalidated)
npm http fetch GET 200 https://registry.npmjs.org/hasown 87ms (cache revalidated)
npm http fetch GET 200 https://registry.npmjs.org/gopd 112ms (cache revalidated)
npm http fetch GET 200 https://registry.npmjs.org/define-data-property 113ms (cache revalidated)
npm http fetch GET 200 https://registry.npmjs.org/has-property-descriptors 112ms (cache revalidated)
npm http fetch GET 200 https://registry.npmjs.org/requires-port 69ms (cache revalidated)
npm http fetch GET 200 https://registry.npmjs.org/querystringify 101ms (cache revalidated)
npm http fetch GET 200 https://registry.npmjs.org/write-file-atomic 68ms (cache revalidated)
npm http fetch GET 200 https://registry.npmjs.org/ansi-align 75ms (cache revalidated)
npm http fetch GET 200 https://registry.npmjs.org/cli-boxes 75ms (cache revalidated)
npm http fetch GET 200 https://registry.npmjs.org/unique-string 71ms (cache revalidated)
npm http fetch GET 200 https://registry.npmjs.org/dot-prop 73ms (cache revalidated)
npm http fetch GET 200 https://registry.npmjs.org/package-json 113ms (cache revalidated)
npm http fetch GET 200 https://registry.npmjs.org/widest-line 124ms (cache revalidated)
npm http fetch GET 200 https://registry.npmjs.org/escape-goat 113ms (cache revalidated)
npm http fetch GET 200 https://registry.npmjs.org/imurmurhash 56ms (cache revalidated)
npm http fetch GET 200 https://registry.npmjs.org/is-obj 64ms (cache revalidated)
npm http fetch GET 200 https://registry.npmjs.org/crypto-random-string 63ms (cache revalidated)
npm http fetch GET 200 https://registry.npmjs.org/typedarray-to-buffer 115ms (cache revalidated)
npm http fetch GET 200 https://registry.npmjs.org/registry-auth-token 55ms (cache revalidated)
npm http fetch GET 200 https://registry.npmjs.org/got 57ms (cache revalidated)
npm http fetch GET 200 https://registry.npmjs.org/registry-url 65ms (cache revalidated)
npm http fetch GET 200 https://registry.npmjs.org/to-readable-stream 90ms (cache revalidated)
npm http fetch GET 200 https://registry.npmjs.org/decompress-response 94ms (cache revalidated)
npm http fetch GET 200 https://registry.npmjs.org/rc 88ms (cache revalidated)
npm http fetch GET 200 https://registry.npmjs.org/lowercase-keys 95ms (cache revalidated)
npm http fetch GET 200 https://registry.npmjs.org/cacheable-request 98ms (cache revalidated)
npm http fetch GET 200 https://registry.npmjs.org/duplexer3 98ms (cache revalidated)
npm http fetch GET 200 https://registry.npmjs.org/mimic-response 96ms (cache revalidated)
npm http fetch GET 200 https://registry.npmjs.org/rc 94ms (cache revalidated)
npm http fetch GET 200 https://registry.npmjs.org/url-parse-lax 95ms (cache revalidated)
npm http fetch GET 200 https://registry.npmjs.org/@sindresorhus%2fis 107ms (cache revalidated)
npm http fetch GET 200 https://registry.npmjs.org/p-cancelable 103ms (cache revalidated)
npm http fetch GET 200 https://registry.npmjs.org/@szmarczak%2fhttp-timer 109ms (cache revalidated)
npm http fetch GET 200 https://registry.npmjs.org/responselike 96ms (cache revalidated)
npm http fetch GET 200 https://registry.npmjs.org/keyv 99ms (cache revalidated)
npm http fetch GET 200 https://registry.npmjs.org/clone-response 104ms (cache revalidated)
npm http fetch GET 200 https://registry.npmjs.org/prepend-http 94ms (cache revalidated)
npm http fetch GET 200 https://registry.npmjs.org/http-cache-semantics 105ms (cache revalidated)
npm http fetch GET 200 https://registry.npmjs.org/normalize-url 104ms (cache revalidated)
npm http fetch GET 200 https://registry.npmjs.org/defer-to-connect 109ms (cache revalidated)
npm http fetch GET 200 https://registry.npmjs.org/json-buffer 151ms (cache revalidated)
npm http fetch GET 200 https://registry.npmjs.org/deep-extend 147ms (cache revalidated)
npm http fetch GET 200 https://registry.npmjs.org/pend 96ms (cache revalidated)
npm http fetch GET 200 https://registry.npmjs.org/crc32-stream 87ms (cache revalidated)
npm http fetch GET 200 https://registry.npmjs.org/crc-32 71ms (cache revalidated)
npm http fetch GET 200 https://registry.npmjs.org/buffer-fill 100ms (cache revalidated)
npm http fetch GET 200 https://registry.npmjs.org/buffer-alloc-unsafe 505ms (cache revalidated)
npm http fetch GET 200 https://registry.npmjs.org/p-try 112ms (cache revalidated)
npm http fetch POST 200 https://registry.npmjs.org/-/npm/v1/security/advisories/bulk 578ms
npm WARN deprecated har-validator@5.1.5: this library is no longer supported
npm WARN deprecated uuid@3.4.0: Please upgrade  to version 7 or higher.  Older versions may use Math.random() in certain circumstances, which is known to be problematic.  See https://v8.dev/blog/math-random for details.
npm WARN deprecated request@2.88.2: request has been deprecated, see https://github.com/request/request/issues/3142
npm info run cypress@13.6.1 postinstall node_modules/cypress node index.js --exec install
npm info run cypress@13.6.1 postinstall { code: 0, signal: null }

added 450 packages, and audited 451 packages in 15s

66 packages are looking for funding
  run `npm fund` for details

7 moderate severity vulnerabilities

To address all issues (including breaking changes), run:
  npm audit fix --force

Run `npm audit` for details.
npm verb exit 0
npm info ok 
